<?xml version="1.0" encoding="UTF-8"?>
<testng-results ignored="0" total="1" passed="1" failed="0" skipped="0">
  <reporter-output>
  </reporter-output>
  <suite started-at="2022-12-11T12:38:07 CST" name="Default suite" finished-at="2022-12-11T12:38:07 CST" duration-ms="159">
    <groups>
    </groups>
    <test started-at="2022-12-11T12:38:07 CST" name="Default test" finished-at="2022-12-11T12:38:07 CST" duration-ms="159">
      <class name="NewTestNG.LoginPage">
        <test-method is-config="true" signature="beforeSuite()[pri:0, instance:NewTestNG.LoginPage@34f5090e]" started-at="2022-12-11T12:38:07 CST" name="beforeSuite" finished-at="2022-12-11T12:38:07 CST" duration-ms="23" status="PASS">
          <reporter-output>
          </reporter-output>
        </test-method> <!-- beforeSuite -->
        <test-method is-config="true" signature="beforeTest()[pri:0, instance:NewTestNG.LoginPage@34f5090e]" started-at="2022-12-11T12:38:07 CST" name="beforeTest" finished-at="2022-12-11T12:38:07 CST" duration-ms="1" status="PASS">
          <reporter-output>
          </reporter-output>
        </test-method> <!-- beforeTest -->
        <test-method is-config="true" signature="beforeClass()[pri:0, instance:NewTestNG.LoginPage@34f5090e]" started-at="2022-12-11T12:38:07 CST" name="beforeClass" finished-at="2022-12-11T12:38:07 CST" duration-ms="1" status="PASS">
          <reporter-output>
          </reporter-output>
        </test-method> <!-- beforeClass -->
        <test-method is-config="true" signature="beforeMethod()[pri:0, instance:NewTestNG.LoginPage@34f5090e]" started-at="2022-12-11T12:38:07 CST" name="beforeMethod" finished-at="2022-12-11T12:38:07 CST" duration-ms="1" status="PASS">
          <reporter-output>
          </reporter-output>
        </test-method> <!-- beforeMethod -->
        <test-method signature="f()[pri:0, instance:NewTestNG.LoginPage@34f5090e]" started-at="2022-12-11T12:38:07 CST" name="f" finished-at="2022-12-11T12:38:07 CST" duration-ms="22" status="PASS">
          <reporter-output>
          </reporter-output>
        </test-method> <!-- f -->
        <test-method is-config="true" signature="afterMethod()[pri:0, instance:NewTestNG.LoginPage@34f5090e]" started-at="2022-12-11T12:38:07 CST" name="afterMethod" finished-at="2022-12-11T12:38:07 CST" duration-ms="2" status="PASS">
          <reporter-output>
          </reporter-output>
        </test-method> <!-- afterMethod -->
        <test-method is-config="true" signature="afterClass()[pri:0, instance:NewTestNG.LoginPage@34f5090e]" started-at="2022-12-11T12:38:07 CST" name="afterClass" finished-at="2022-12-11T12:38:07 CST" duration-ms="1" status="PASS">
          <reporter-output>
          </reporter-output>
        </test-method> <!-- afterClass -->
        <test-method is-config="true" signature="afterTest()[pri:0, instance:NewTestNG.LoginPage@34f5090e]" started-at="2022-12-11T12:38:07 CST" name="afterTest" finished-at="2022-12-11T12:38:07 CST" duration-ms="2" status="PASS">
          <reporter-output>
          </reporter-output>
        </test-method> <!-- afterTest -->
        <test-method is-config="true" signature="afterSuite()[pri:0, instance:NewTestNG.LoginPage@34f5090e]" started-at="2022-12-11T12:38:07 CST" name="afterSuite" finished-at="2022-12-11T12:38:07 CST" duration-ms="1" status="PASS">
          <reporter-output>
          </reporter-output>
        </test-method> <!-- afterSuite -->
      </class> <!-- NewTestNG.LoginPage -->
    </test> <!-- Default test -->
  </suite> <!-- Default suite -->
</testng-results>
